This is pdfTeX, Version 3.141592653-2.6-1.40.22 (TeX Live 2022/dev/Debian) (preloaded format=pdflatex)
 restricted \write18 enabled.
entering extended mode
(./method.tex
LaTeX2e <2021-11-15> patch level 1
L3 programming layer <2022-01-21>
(/usr/share/texlive/texmf-dist/tex/latex/base/article.cls
Document Class: article 2021/10/04 v1.4n Standard LaTeX document class
(/usr/share/texlive/texmf-dist/tex/latex/base/size11.clo))
(/usr/share/texlive/texmf-dist/tex/latex/base/inputenc.sty)
(/usr/share/texlive/texmf-dist/tex/latex/base/fontenc.sty)
(/usr/share/texlive/texmf-dist/tex/generic/babel/babel.sty
(/usr/share/texlive/texmf-dist/tex/generic/babel/txtbabel.def)
(/usr/share/texlive/texmf-dist/tex/generic/babel-english/english.ldf))
(/usr/share/texlive/texmf-dist/tex/latex/geometry/geometry.sty
(/usr/share/texlive/texmf-dist/tex/latex/graphics/keyval.sty)
(/usr/share/texlive/texmf-dist/tex/generic/iftex/ifvtex.sty
(/usr/share/texlive/texmf-dist/tex/generic/iftex/iftex.sty)))
(/usr/share/texlive/texmf-dist/tex/latex/amsmath/amsmath.sty
For additional information on amsmath, use the `?' option.
(/usr/share/texlive/texmf-dist/tex/latex/amsmath/amstext.sty
(/usr/share/texlive/texmf-dist/tex/latex/amsmath/amsgen.sty))
(/usr/share/texlive/texmf-dist/tex/latex/amsmath/amsbsy.sty)
(/usr/share/texlive/texmf-dist/tex/latex/amsmath/amsopn.sty))
(/usr/share/texlive/texmf-dist/tex/latex/amsfonts/amssymb.sty
(/usr/share/texlive/texmf-dist/tex/latex/amsfonts/amsfonts.sty))
(/usr/share/texlive/texmf-dist/tex/latex/amscls/amsthm.sty)
(/usr/share/texlive/texmf-dist/tex/latex/mathtools/mathtools.sty
(/usr/share/texlive/texmf-dist/tex/latex/tools/calc.sty)
(/usr/share/texlive/texmf-dist/tex/latex/mathtools/mhsetup.sty))
(/usr/share/texlive/texmf-dist/tex/latex/booktabs/booktabs.sty)
(/usr/share/texlive/texmf-dist/tex/latex/enumitem/enumitem.sty)
(/usr/share/texlive/texmf-dist/tex/latex/xcolor/xcolor.sty
(/usr/share/texlive/texmf-dist/tex/latex/graphics-cfg/color.cfg)
(/usr/share/texlive/texmf-dist/tex/latex/graphics-def/pdftex.def))
(/usr/share/texlive/texmf-dist/tex/latex/hyperref/hyperref.sty
(/usr/share/texlive/texmf-dist/tex/generic/ltxcmds/ltxcmds.sty)
(/usr/share/texlive/texmf-dist/tex/generic/pdftexcmds/pdftexcmds.sty
(/usr/share/texlive/texmf-dist/tex/generic/infwarerr/infwarerr.sty))
(/usr/share/texlive/texmf-dist/tex/generic/kvsetkeys/kvsetkeys.sty)
(/usr/share/texlive/texmf-dist/tex/generic/kvdefinekeys/kvdefinekeys.sty)
(/usr/share/texlive/texmf-dist/tex/generic/pdfescape/pdfescape.sty)
(/usr/share/texlive/texmf-dist/tex/latex/hycolor/hycolor.sty)
(/usr/share/texlive/texmf-dist/tex/latex/letltxmacro/letltxmacro.sty)
(/usr/share/texlive/texmf-dist/tex/latex/auxhook/auxhook.sty)
(/usr/share/texlive/texmf-dist/tex/latex/kvoptions/kvoptions.sty)
(/usr/share/texlive/texmf-dist/tex/latex/hyperref/pd1enc.def)
(/usr/share/texlive/texmf-dist/tex/latex/hyperref/hyperref-langpatches.def)
(/usr/share/texlive/texmf-dist/tex/generic/intcalc/intcalc.sty)
(/usr/share/texlive/texmf-dist/tex/generic/etexcmds/etexcmds.sty)
(/usr/share/texlive/texmf-dist/tex/latex/hyperref/puenc.def)
(/usr/share/texlive/texmf-dist/tex/latex/url/url.sty)
(/usr/share/texlive/texmf-dist/tex/generic/bitset/bitset.sty
(/usr/share/texlive/texmf-dist/tex/generic/bigintcalc/bigintcalc.sty))
(/usr/share/texlive/texmf-dist/tex/latex/base/atbegshi-ltx.sty))
(/usr/share/texlive/texmf-dist/tex/latex/hyperref/hpdftex.def
(/usr/share/texlive/texmf-dist/tex/latex/base/atveryend-ltx.sty)
(/usr/share/texlive/texmf-dist/tex/latex/rerunfilecheck/rerunfilecheck.sty
(/usr/share/texlive/texmf-dist/tex/generic/uniquecounter/uniquecounter.sty)))
(/usr/share/texlive/texmf-dist/tex/latex/tcolorbox/tcolorbox.sty
(/usr/share/texlive/texmf-dist/tex/latex/pgf/basiclayer/pgf.sty
(/usr/share/texlive/texmf-dist/tex/latex/pgf/utilities/pgfrcs.sty
(/usr/share/texlive/texmf-dist/tex/generic/pgf/utilities/pgfutil-common.tex
(/usr/share/texlive/texmf-dist/tex/generic/pgf/utilities/pgfutil-common-lists.t
ex)) (/usr/share/texlive/texmf-dist/tex/generic/pgf/utilities/pgfutil-latex.def
) (/usr/share/texlive/texmf-dist/tex/generic/pgf/utilities/pgfrcs.code.tex
(/usr/share/texlive/texmf-dist/tex/generic/pgf/pgf.revision.tex)))
(/usr/share/texlive/texmf-dist/tex/latex/pgf/basiclayer/pgfcore.sty
(/usr/share/texlive/texmf-dist/tex/latex/graphics/graphicx.sty
(/usr/share/texlive/texmf-dist/tex/latex/graphics/graphics.sty
(/usr/share/texlive/texmf-dist/tex/latex/graphics/trig.sty)
(/usr/share/texlive/texmf-dist/tex/latex/graphics-cfg/graphics.cfg)))
(/usr/share/texlive/texmf-dist/tex/latex/pgf/systemlayer/pgfsys.sty
(/usr/share/texlive/texmf-dist/tex/generic/pgf/systemlayer/pgfsys.code.tex
(/usr/share/texlive/texmf-dist/tex/generic/pgf/utilities/pgfkeys.code.tex
(/usr/share/texlive/texmf-dist/tex/generic/pgf/utilities/pgfkeysfiltered.code.t
ex)) (/usr/share/texlive/texmf-dist/tex/generic/pgf/systemlayer/pgf.cfg)
(/usr/share/texlive/texmf-dist/tex/generic/pgf/systemlayer/pgfsys-pdftex.def
(/usr/share/texlive/texmf-dist/tex/generic/pgf/systemlayer/pgfsys-common-pdf.de
f)))
(/usr/share/texlive/texmf-dist/tex/generic/pgf/systemlayer/pgfsyssoftpath.code.
tex)
(/usr/share/texlive/texmf-dist/tex/generic/pgf/systemlayer/pgfsysprotocol.code.
tex))
(/usr/share/texlive/texmf-dist/tex/generic/pgf/basiclayer/pgfcore.code.tex
(/usr/share/texlive/texmf-dist/tex/generic/pgf/math/pgfmath.code.tex
(/usr/share/texlive/texmf-dist/tex/generic/pgf/math/pgfmathcalc.code.tex
(/usr/share/texlive/texmf-dist/tex/generic/pgf/math/pgfmathutil.code.tex)
(/usr/share/texlive/texmf-dist/tex/generic/pgf/math/pgfmathparser.code.tex)
(/usr/share/texlive/texmf-dist/tex/generic/pgf/math/pgfmathfunctions.code.tex
(/usr/share/texlive/texmf-dist/tex/generic/pgf/math/pgfmathfunctions.basic.code
.tex)
(/usr/share/texlive/texmf-dist/tex/generic/pgf/math/pgfmathfunctions.trigonomet
ric.code.tex)
(/usr/share/texlive/texmf-dist/tex/generic/pgf/math/pgfmathfunctions.random.cod
e.tex)
(/usr/share/texlive/texmf-dist/tex/generic/pgf/math/pgfmathfunctions.comparison
.code.tex)
(/usr/share/texlive/texmf-dist/tex/generic/pgf/math/pgfmathfunctions.base.code.
tex)
(/usr/share/texlive/texmf-dist/tex/generic/pgf/math/pgfmathfunctions.round.code
.tex)
(/usr/share/texlive/texmf-dist/tex/generic/pgf/math/pgfmathfunctions.misc.code.
tex)
(/usr/share/texlive/texmf-dist/tex/generic/pgf/math/pgfmathfunctions.integerari
thmetics.code.tex)))
(/usr/share/texlive/texmf-dist/tex/generic/pgf/math/pgfmathfloat.code.tex))
(/usr/share/texlive/texmf-dist/tex/generic/pgf/math/pgfint.code.tex)
(/usr/share/texlive/texmf-dist/tex/generic/pgf/basiclayer/pgfcorepoints.code.te
x)
(/usr/share/texlive/texmf-dist/tex/generic/pgf/basiclayer/pgfcorepathconstruct.
code.tex)
(/usr/share/texlive/texmf-dist/tex/generic/pgf/basiclayer/pgfcorepathusage.code
.tex)
(/usr/share/texlive/texmf-dist/tex/generic/pgf/basiclayer/pgfcorescopes.code.te
x)
(/usr/share/texlive/texmf-dist/tex/generic/pgf/basiclayer/pgfcoregraphicstate.c
ode.tex)
(/usr/share/texlive/texmf-dist/tex/generic/pgf/basiclayer/pgfcoretransformation
s.code.tex)
(/usr/share/texlive/texmf-dist/tex/generic/pgf/basiclayer/pgfcorequick.code.tex
)
(/usr/share/texlive/texmf-dist/tex/generic/pgf/basiclayer/pgfcoreobjects.code.t
ex)
(/usr/share/texlive/texmf-dist/tex/generic/pgf/basiclayer/pgfcorepathprocessing
.code.tex)
(/usr/share/texlive/texmf-dist/tex/generic/pgf/basiclayer/pgfcorearrows.code.te
x)
(/usr/share/texlive/texmf-dist/tex/generic/pgf/basiclayer/pgfcoreshade.code.tex
)
(/usr/share/texlive/texmf-dist/tex/generic/pgf/basiclayer/pgfcoreimage.code.tex

(/usr/share/texlive/texmf-dist/tex/generic/pgf/basiclayer/pgfcoreexternal.code.
tex))
(/usr/share/texlive/texmf-dist/tex/generic/pgf/basiclayer/pgfcorelayers.code.te
x)
(/usr/share/texlive/texmf-dist/tex/generic/pgf/basiclayer/pgfcoretransparency.c
ode.tex)
(/usr/share/texlive/texmf-dist/tex/generic/pgf/basiclayer/pgfcorepatterns.code.
tex)
(/usr/share/texlive/texmf-dist/tex/generic/pgf/basiclayer/pgfcorerdf.code.tex))
)
(/usr/share/texlive/texmf-dist/tex/generic/pgf/modules/pgfmoduleshapes.code.tex
) (/usr/share/texlive/texmf-dist/tex/generic/pgf/modules/pgfmoduleplot.code.tex
)
(/usr/share/texlive/texmf-dist/tex/latex/pgf/compatibility/pgfcomp-version-0-65
.sty)
(/usr/share/texlive/texmf-dist/tex/latex/pgf/compatibility/pgfcomp-version-1-18
.sty)) (/usr/share/texlive/texmf-dist/tex/latex/tools/verbatim.sty)
(/usr/share/texlive/texmf-dist/tex/latex/environ/environ.sty
(/usr/share/texlive/texmf-dist/tex/latex/trimspaces/trimspaces.sty))
(/usr/share/texlive/texmf-dist/tex/latex/etoolbox/etoolbox.sty))
(/usr/share/texlive/texmf-dist/tex/latex/tcolorbox/tcbbreakable.code.tex
Library (tcolorbox): 'tcbbreakable.code.tex' version '5.0.2'
(/usr/share/texlive/texmf-dist/tex/generic/oberdiek/pdfcol.sty))
(/usr/share/texlive/texmf-dist/tex/latex/l3backend/l3backend-pdftex.def)
(./method.aux)
*geometry* driver: auto-detecting
*geometry* detected driver: pdftex
(/usr/share/texlive/texmf-dist/tex/context/base/mkii/supp-pdf.mkii
[Loading MPS to PDF converter (version 2006.09.02).]
) (/usr/share/texlive/texmf-dist/tex/latex/epstopdf-pkg/epstopdf-base.sty
(/usr/share/texlive/texmf-dist/tex/latex/latexconfig/epstopdf-sys.cfg))
(/usr/share/texlive/texmf-dist/tex/latex/hyperref/nameref.sty
(/usr/share/texlive/texmf-dist/tex/latex/refcount/refcount.sty)
(/usr/share/texlive/texmf-dist/tex/generic/gettitlestring/gettitlestring.sty))
(./method.out) (./method.out)
(/usr/share/texlive/texmf-dist/tex/latex/amsfonts/umsa.fd)
(/usr/share/texlive/texmf-dist/tex/latex/amsfonts/umsb.fd)
(/usr/share/texlive/texmf-dist/tex/latex/base/t1cmtt.fd)
Overfull \hbox (31.95596pt too wide) in paragraph at lines 61--64
[]\T1/cmr/m/n/10 This doc-u-ment gives the full math-e-mat-i-cal for-mu-la-tion
 of the at-tack im-ple-mented in \T1/cmtt/m/n/10 src/attack.py\T1/cmr/m/n/10 .
(/usr/share/texlive/texmf-dist/tex/latex/base/t1cmss.fd)

LaTeX Warning: Reference `sec:limits' on page 1 undefined on input line 71.

[1{/var/lib/texmf/fonts/map/pdftex/updmap/pdftex.map}] [2] [3] [4]
Overfull \hbox (0.40132pt too wide) in paragraph at lines 381--386
\T1/cmr/m/n/10.95 frequency salt-and-pepper noise. This is what gives la-tent a
t-tacks their char-ac-ter-is-tic smoother
[5]
Underfull \hbox (badness 10000) in paragraph at lines 442--444
[]\T1/cmr/m/n/10 fraction of frames with $\OMS/cmsy/m/n/10 D[] \OT1/cmr/m/n/10 
= \OMS/cmsy/m/n/10 ;$\T1/cmr/m/n/10 , where $\OMS/cmsy/m/n/10 D[] \OT1/cmr/m/n/
10 =

Overfull \hbox (20.16478pt too wide) in paragraph at lines 458--462
\T1/cmr/m/n/10.95 ror, plus a pixel-budget-matched com-par-i-son against FGSM a
nd PGD base-lines (\T1/cmtt/m/n/10.95 baselines/fgsm.py\T1/cmr/m/n/10.95 ,

Overfull \hbox (125.59105pt too wide) in paragraph at lines 484--486
[]\T1/cmr/m/n/10.95 Detector weights: \T1/cmtt/m/n/10.95 runs/yolov8n_detrac/be
st.pt \T1/cmr/m/n/10.95 (trained on DE-TRAC, see \T1/cmtt/m/n/10.95 notebooks/t
rain_yolov8_detrac.ipynb\T1/cmr/m/n/10.95 ). 
[6] [7] (./method.aux)
kpathsea: Running mktexpk --mfmode / --bdpi 600 --mag 1+0/600 --dpi 600 ectt1095
mktexpk: Running mf-nowin -progname=mf \mode:=ljfour; mag:=1+0/600; nonstopmode; input ectt1095
This is METAFONT, Version 2.71828182 (TeX Live 2022/dev/Debian) (preloaded base=mf)

(/usr/share/texlive/texmf-dist/fonts/source/jknappen/ec/ectt1095.mf
(/usr/share/texlive/texmf-dist/fonts/source/jknappen/ec/exbase.mf)
(/usr/share/texlive/texmf-dist/fonts/source/jknappen/ec/ectt.mf
(/usr/share/texlive/texmf-dist/fonts/source/jknappen/ec/exroman.mf
 Ok (/usr/share/texlive/texmf-dist/fonts/source/jknappen/ec/exaccess.mf
 Ok) (/usr/share/texlive/texmf-dist/fonts/source/jknappen/ec/expseudo.mf
 Ok) (/usr/share/texlive/texmf-dist/fonts/source/jknappen/ec/exruwest.mf
 Ok [192] [193] [194] [195] [196] [197] [198] [199] [200] [201] [202] [203]
[204] [205] [206] [207] [208] [209] [210] [211] [212] [213] [214] [215]
[216] [217] [218] [219] [220] [221] [222] [223])
(/usr/share/texlive/texmf-dist/fonts/source/jknappen/ec/exrlwest.mf
 Ok [224] [225] [226] [227] [228] [229] [230] [231] [232] [233] [234] [235]
[236] [237] [238] [239] [240] [241] [242] [243] [244] [245] [246] [247]
[248] [249] [250] [251] [252] [253] [254] [255])
(/usr/share/texlive/texmf-dist/fonts/source/jknappen/ec/exrueast.mf
 Ok [128] [129] [130] [131] [132] [133] [134] [135] [136] [137] [138] [139]
[140] [141] [142] [143] [144] [145] [146] [147] [148] [149] [150] [151]
[152] [153] [154] [155] [156] [157])
(/usr/share/texlive/texmf-dist/fonts/source/jknappen/ec/exrleast.mf
 Ok [158] [160] [161] [162] [163] [164] [165] [166] [167] [168] [169] [170]
[171] [172] [173] [174] [175] [176] [177] [178] [179] [180] [181] [182]
[183] [184] [185] [186] [187] [188])
(/usr/share/texlive/texmf-dist/fonts/source/jknappen/ec/exbraces.mf
 Ok [94] [126] [23] [40] [41] [60] [124] [62] [91] [93] [92] [123] [125]
[95] [127] [32])
(/usr/share/texlive/texmf-dist/fonts/source/jknappen/ec/expunct.mf
 Ok [14] [15] [19] [20] [13] [18] [33] [39] [42] [43] [44] [46] [47] [58]
[59] [61] [96] [189] [17] [45] [16] [21] [22])
(/usr/share/texlive/texmf-dist/fonts/source/jknappen/ec/exaccent.mf
 Ok [0] [1] [2] [3] [4] [5] [6] [7] [8] [9] [10] [11] [12])
(/usr/share/texlive/texmf-dist/fonts/source/jknappen/ec/exsign.mf
 Ok [24] [34] [35] [36] [37] [64] [191] [159])
(/usr/share/texlive/texmf-dist/fonts/source/jknappen/ec/exrlig.mf
 Ok [25] [26] [28] [27] [29] [30] [31])
(/usr/share/texlive/texmf-dist/fonts/source/jknappen/ec/exromp.mf
 Ok [38] [63] [190])
(/usr/share/texlive/texmf-dist/fonts/source/jknappen/ec/exrulett.mf
 Ok [65] [66] [67] [68] [69] [70] [71] [72] [73] [74] [75] [76] [77] [78]
[79] [80] [81] [82] [83] [84] [85] [86] [87] [88] [89] [90])
(/usr/share/texlive/texmf-dist/fonts/source/jknappen/ec/exrllett.mf
 Ok [97] [98] [99] [100] [101] [102] [103] [104] [105] [106] [107] [108]
[109] [110] [111] [112] [113] [114] [115] [116] [117] [118] [119] [120]
[121] [122])
(/usr/share/texlive/texmf-dist/fonts/source/jknappen/ec/exrdigit.mf
 Ok [48] [49] [50] [51] [52] [53] [54] [55] [56] [57])
(/usr/share/texlive/texmf-dist/fonts/source/jknappen/ec/exmligtb.mf
 Ok) ) ) )
Font metrics written on ectt1095.tfm.
Output written on ectt1095.600gf (256 characters, 47796 bytes).
Transcript written on ectt1095.log.
mktexpk: /sessions/fervent-sweet-carson/.texlive2021/texmf-var/fonts/pk/ljfour/jknappen/ec/ectt1095.600pk: successfully generated.


LaTeX Warning: There were undefined references.


LaTeX Warning: Label(s) may have changed. Rerun to get cross-references right.


Package rerunfilecheck Warning: File `method.out' has changed.
(rerunfilecheck)                Rerun to get outlines right
(rerunfilecheck)                or use package `bookmark'.

 )
(see the transcript file for additional information) </sessions/fervent-sweet-c
arson/.texlive2021/texmf-var/fonts/pk/ljfour/jknappen/ec/ectt1095.600pk>
kpathsea: Running mktexpk --mfmode / --bdpi 600 --mag 1+0/600 --dpi 600 ecrm0600
mktexpk: Running mf-nowin -progname=mf \mode:=ljfour; mag:=1+0/600; nonstopmode; input ecrm0600
This is METAFONT, Version 2.71828182 (TeX Live 2022/dev/Debian) (preloaded base=mf)

(/usr/share/texlive/texmf-dist/fonts/source/jknappen/ec/ecrm0600.mf
(/usr/share/texlive/texmf-dist/fonts/source/jknappen/ec/exbase.mf)
(/usr/share/texlive/texmf-dist/fonts/source/jknappen/ec/ecrm.mf
(/usr/share/texlive/texmf-dist/fonts/source/jknappen/ec/exroman.mf
 Ok (/usr/share/texlive/texmf-dist/fonts/source/jknappen/ec/exaccess.mf
 Ok) (/usr/share/texlive/texmf-dist/fonts/source/jknappen/ec/expseudo.mf
 Ok) (/usr/share/texlive/texmf-dist/fonts/source/jknappen/ec/exruwest.mf
 Ok [192] [193] [194] [195] [196] [197] [198] [199] [200] [201] [202] [203]
[204] [205] [206] [207] [208] [209] [210] [211] [212] [213] [214] [215]
[216] [217] [218] [219] [220] [221] [222] [223])
(/usr/share/texlive/texmf-dist/fonts/source/jknappen/ec/exrlwest.mf
 Ok [224] [225] [226] [227] [228] [229] [230] [231] [232] [233] [234] [235]
[236] [237] [238] [239] [240] [241] [242] [243] [244] [245] [246] [247]
[248] [249] [250] [251] [252] [253] [254] [255])
(/usr/share/texlive/texmf-dist/fonts/source/jknappen/ec/exrueast.mf
 Ok [128] [129] [130] [131] [132] [133] [134] [135] [136] [137] [138] [139]
[140] [141] [142] [143] [144] [145] [146] [147] [148] [149] [150] [151]
[152] [153] [154] [155] [156] [157])
(/usr/share/texlive/texmf-dist/fonts/source/jknappen/ec/exrleast.mf
 Ok [158] [160] [161] [162] [163] [164] [165] [166] [167] [168] [169] [170]
[171] [172] [173] [174] [175] [176] [177] [178] [179] [180] [181] [182]
[183] [184] [185] [186] [187] [188])
(/usr/share/texlive/texmf-dist/fonts/source/jknappen/ec/exbraces.mf
 Ok [94] [126] [23] [40] [41] [60] [124] [62] [91] [93] [92] [123] [125]
[95] [127] [32])
(/usr/share/texlive/texmf-dist/fonts/source/jknappen/ec/expunct.mf
 Ok [14] [15] [19] [20] [13] [18] [33] [39] [42] [43] [44] [46] [47] [58]
[59] [61] [96] [189] [17] [45] [16] [21] [22])
(/usr/share/texlive/texmf-dist/fonts/source/jknappen/ec/exaccent.mf
 Ok [0] [1] [2] [3] [4] [5] [6] [7] [8] [9] [10] [11] [12])
(/usr/share/texlive/texmf-dist/fonts/source/jknappen/ec/exsign.mf
 Ok [24] [34] [35] [36] [37] [64] [191] [159])
(/usr/share/texlive/texmf-dist/fonts/source/jknappen/ec/exrlig.mf
 Ok [25] [26] [28] [27] [29] [30] [31])
(/usr/share/texlive/texmf-dist/fonts/source/jknappen/ec/exromp.mf
 Ok [38] [63] [190])
(/usr/share/texlive/texmf-dist/fonts/source/jknappen/ec/exrulett.mf
 Ok [65] [66] [67] [68] [69] [70] [71] [72] [73] [74] [75] [76] [77] [78]
[79] [80] [81] [82] [83] [84] [85] [86] [87] [88] [89] [90])
(/usr/share/texlive/texmf-dist/fonts/source/jknappen/ec/exrllett.mf
 Ok [97] [98] [99] [100] [101] [102] [103] [104] [105] [106] [107] [108]
[109] [110] [111] [112] [113] [114] [115] [116] [117] [118] [119] [120]
[121] [122])
(/usr/share/texlive/texmf-dist/fonts/source/jknappen/ec/exrdigit.mf
 Ok [48] [49] [50] [51] [52] [53] [54] [55] [56] [57])
(/usr/share/texlive/texmf-dist/fonts/source/jknappen/ec/exrligtb.mf
 Ok) ) ) )
Font metrics written on ecrm0600.tfm.
Output written on ecrm0600.600gf (256 characters, 32624 bytes).
Transcript written on ecrm0600.log.
mktexpk: /sessions/fervent-sweet-carson/.texlive2021/texmf-var/fonts/pk/ljfour/jknappen/ec/ecrm0600.600pk: successfully generated.
 </sess
ions/fervent-sweet-carson/.texlive2021/texmf-var/fonts/pk/ljfour/jknappen/ec/ec
rm0600.600pk>
kpathsea: Running mktexpk --mfmode / --bdpi 600 --mag 1+0/600 --dpi 600 ecti1095
mktexpk: Running mf-nowin -progname=mf \mode:=ljfour; mag:=1+0/600; nonstopmode; input ecti1095
This is METAFONT, Version 2.71828182 (TeX Live 2022/dev/Debian) (preloaded base=mf)

(/usr/share/texlive/texmf-dist/fonts/source/jknappen/ec/ecti1095.mf
(/usr/share/texlive/texmf-dist/fonts/source/jknappen/ec/exbase.mf)
(/usr/share/texlive/texmf-dist/fonts/source/jknappen/ec/ecti.mf
(/usr/share/texlive/texmf-dist/fonts/source/jknappen/ec/extextit.mf
 Ok (/usr/share/texlive/texmf-dist/fonts/source/jknappen/ec/exaccess.mf
 Ok) (/usr/share/texlive/texmf-dist/fonts/source/jknappen/ec/expseudo.mf
 Ok) (/usr/share/texlive/texmf-dist/fonts/source/jknappen/ec/exileast.mf
 Ok [158] [160] [161] [162] [163] [164] [165] [166] [167] [168] [169] [170]
[171] [172] [173] [174] [175] [176] [177] [178] [179] [180] [181] [182]
[183] [184] [185] [186] [187] [188])
(/usr/share/texlive/texmf-dist/fonts/source/jknappen/ec/exilwest.mf
 Ok [224] [225] [226] [227] [228] [229] [230] [231] [232] [233] [234] [235]
[236] [237] [238] [239] [240] [241] [242] [243] [244] [245] [246] [247]
[248] [249] [250] [251] [252] [253] [254] [255])
(/usr/share/texlive/texmf-dist/fonts/source/jknappen/ec/exruwest.mf
 Ok [192] [193] [194] [195] [196] [197] [198] [199] [200] [201] [202] [203]
[204] [205] [206] [207] [208] [209] [210] [211] [212] [213] [214] [215]
[216] [217] [218] [219] [220] [221] [222] [223])
(/usr/share/texlive/texmf-dist/fonts/source/jknappen/ec/exrueast.mf
 Ok [128] [129] [130] [131] [132] [133] [134] [135] [136] [137] [138] [139]
[140] [141] [142] [143] [144] [145] [146] [147] [148] [149] [150] [151]
[152] [153] [154] [155] [156] [157])
(/usr/share/texlive/texmf-dist/fonts/source/jknappen/ec/exbraces.mf
 Ok [94] [126] [23] [40] [41] [60] [124] [62] [91] [93] [92] [123] [125]
[95] [127] [32])
(/usr/share/texlive/texmf-dist/fonts/source/jknappen/ec/expunct.mf
 Ok [14] [15] [19] [20] [13] [18] [33] [39] [42] [43] [44] [46] [47] [58]
[59] [61] [96] [189] [17] [45] [16] [21] [22])
(/usr/share/texlive/texmf-dist/fonts/source/jknappen/ec/exaccent.mf
 Ok [0] [1] [2] [3] [4] [5] [6] [7] [8] [9] [10] [11] [12])
(/usr/share/texlive/texmf-dist/fonts/source/jknappen/ec/exsign.mf
 Ok [24] [34] [35] [36] [37] [64] [191] [159])
(/usr/share/texlive/texmf-dist/fonts/source/jknappen/ec/exilig.mf
 Ok [25] [26] [27] [28] [29] [30] [31])
(/usr/share/texlive/texmf-dist/fonts/source/jknappen/ec/exitalp.mf
 Ok [38] [63] [190])
(/usr/share/texlive/texmf-dist/fonts/source/jknappen/ec/exrulett.mf
 Ok [65] [66] [67] [68] [69] [70] [71] [72] [73] [74] [75] [76] [77] [78]
[79] [80] [81] [82] [83] [84] [85] [86] [87] [88] [89] [90])
(/usr/share/texlive/texmf-dist/fonts/source/jknappen/ec/exillett.mf
 Ok [97] [98] [99] [100] [101] [102] [103] [104] [105] [106] [107] [108]
[109] [110] [111] [112] [113] [114] [115] [116] [117] [118] [119] [120]
[121] [122])
(/usr/share/texlive/texmf-dist/fonts/source/jknappen/ec/exidigit.mf
 Ok [48] [49] [50] [51] [52] [53] [54] [55] [56] [57])
(/usr/share/texlive/texmf-dist/fonts/source/jknappen/ec/exiligtb.mf
 Ok) ) ) )
(some charht values had to be adjusted by as much as 0.06808pt)
Font metrics written on ecti1095.tfm.
Output written on ecti1095.600gf (256 characters, 57920 bytes).
Transcript written on ecti1095.log.
mktexpk: /sessions/fervent-sweet-carson/.texlive2021/texmf-var/fonts/pk/ljfour/jknappen/ec/ecti1095.600pk: successfully generated.
 </sessions/fervent-sweet-carson/.texlive2021/texmf-var/fonts/pk/l
jfour/jknappen/ec/ecti1095.600pk>
kpathsea: Running mktexpk --mfmode / --bdpi 600 --mag 1+0/600 --dpi 600 ecrm0800
mktexpk: Running mf-nowin -progname=mf \mode:=ljfour; mag:=1+0/600; nonstopmode; input ecrm0800
This is METAFONT, Version 2.71828182 (TeX Live 2022/dev/Debian) (preloaded base=mf)

(/usr/share/texlive/texmf-dist/fonts/source/jknappen/ec/ecrm0800.mf
(/usr/share/texlive/texmf-dist/fonts/source/jknappen/ec/exbase.mf)
(/usr/share/texlive/texmf-dist/fonts/source/jknappen/ec/ecrm.mf
(/usr/share/texlive/texmf-dist/fonts/source/jknappen/ec/exroman.mf
 Ok (/usr/share/texlive/texmf-dist/fonts/source/jknappen/ec/exaccess.mf
 Ok) (/usr/share/texlive/texmf-dist/fonts/source/jknappen/ec/expseudo.mf
 Ok) (/usr/share/texlive/texmf-dist/fonts/source/jknappen/ec/exruwest.mf
 Ok [192] [193] [194] [195] [196] [197] [198] [199] [200] [201] [202] [203]
[204] [205] [206] [207] [208] [209] [210] [211] [212] [213] [214] [215]
[216] [217] [218] [219] [220] [221] [222] [223])
(/usr/share/texlive/texmf-dist/fonts/source/jknappen/ec/exrlwest.mf
 Ok [224] [225] [226] [227] [228] [229] [230] [231] [232] [233] [234] [235]
[236] [237] [238] [239] [240] [241] [242] [243] [244] [245] [246] [247]
[248] [249] [250] [251] [252] [253] [254] [255])
(/usr/share/texlive/texmf-dist/fonts/source/jknappen/ec/exrueast.mf
 Ok [128] [129] [130] [131] [132] [133] [134] [135] [136] [137] [138] [139]
[140] [141] [142] [143] [144] [145] [146] [147] [148] [149] [150] [151]
[152] [153] [154] [155] [156] [157])
(/usr/share/texlive/texmf-dist/fonts/source/jknappen/ec/exrleast.mf
 Ok [158] [160] [161] [162] [163] [164] [165] [166] [167] [168] [169] [170]
[171] [172] [173] [174] [175] [176] [177] [178] [179] [180] [181] [182]
[183] [184] [185] [186] [187] [188])
(/usr/share/texlive/texmf-dist/fonts/source/jknappen/ec/exbraces.mf
 Ok [94] [126] [23] [40] [41] [60] [124] [62] [91] [93] [92] [123] [125]
[95] [127] [32])
(/usr/share/texlive/texmf-dist/fonts/source/jknappen/ec/expunct.mf
 Ok [14] [15] [19] [20] [13] [18] [33] [39] [42] [43] [44] [46] [47] [58]
[59] [61] [96] [189] [17] [45] [16] [21] [22])
(/usr/share/texlive/texmf-dist/fonts/source/jknappen/ec/exaccent.mf
 Ok [0] [1] [2] [3] [4] [5] [6] [7] [8] [9] [10] [11] [12])
(/usr/share/texlive/texmf-dist/fonts/source/jknappen/ec/exsign.mf
 Ok [24] [34] [35] [36] [37] [64] [191] [159])
(/usr/share/texlive/texmf-dist/fonts/source/jknappen/ec/exrlig.mf
 Ok [25] [26] [28] [27] [29] [30] [31])
(/usr/share/texlive/texmf-dist/fonts/source/jknappen/ec/exromp.mf
 Ok [38] [63] [190])
(/usr/share/texlive/texmf-dist/fonts/source/jknappen/ec/exrulett.mf
 Ok [65] [66] [67] [68] [69] [70] [71] [72] [73] [74] [75] [76] [77] [78]
[79] [80] [81] [82] [83] [84] [85] [86] [87] [88] [89] [90])
(/usr/share/texlive/texmf-dist/fonts/source/jknappen/ec/exrllett.mf
 Ok [97] [98] [99] [100] [101] [102] [103] [104] [105] [106] [107] [108]
[109] [110] [111] [112] [113] [114] [115] [116] [117] [118] [119] [120]
[121] [122])
(/usr/share/texlive/texmf-dist/fonts/source/jknappen/ec/exrdigit.mf
 Ok [48] [49] [50] [51] [52] [53] [54] [55] [56] [57])
(/usr/share/texlive/texmf-dist/fonts/source/jknappen/ec/exrligtb.mf
 Ok) ) ) )
(some charht values had to be adjusted by as much as 0.06445pt)
Font metrics written on ecrm0800.tfm.
Output written on ecrm0800.600gf (256 characters, 41732 bytes).
Transcript written on ecrm0800.log.
mktexpk: /sessions/fervent-sweet-carson/.texlive2021/texmf-var/fonts/pk/ljfour/jknappen/ec/ecrm0800.600pk: successfully generated.
 </sessions/fervent-sweet-carson/.texlive2021/
texmf-var/fonts/pk/ljfour/jknappen/ec/ecrm0800.600pk>
kpathsea: Running mktexpk --mfmode / --bdpi 600 --mag 1+0/600 --dpi 600 tcrm1095
mktexpk: Running mf-nowin -progname=mf \mode:=ljfour; mag:=1+0/600; nonstopmode; input tcrm1095
This is METAFONT, Version 2.71828182 (TeX Live 2022/dev/Debian) (preloaded base=mf)

(/usr/share/texlive/texmf-dist/fonts/source/jknappen/ec/tcrm1095.mf
(/usr/share/texlive/texmf-dist/fonts/source/jknappen/ec/exbase.mf)
(/usr/share/texlive/texmf-dist/fonts/source/jknappen/ec/tcrm.mf
(/usr/share/texlive/texmf-dist/fonts/source/jknappen/ec/txsymb.mf
 Ok (/usr/share/texlive/texmf-dist/fonts/source/jknappen/ec/exaccess.mf
 Ok) (/usr/share/texlive/texmf-dist/fonts/source/jknappen/ec/txpseudo.mf
 Ok) (/usr/share/texlive/texmf-dist/fonts/source/jknappen/ec/txaccent.mf
 Ok [0] [1] [2] [3] [4] [5] [6] [7] [8] [9] [10] [11] [12] [27] [29])
(/usr/share/texlive/texmf-dist/fonts/source/jknappen/ec/txgen.mf
 Ok [100] [109] [98] [99] [108])
(/usr/share/texlive/texmf-dist/fonts/source/jknappen/ec/txsymbol.mf
 Ok [13] [18] [21] [22] [23] [24] [25] [26] [28] [31] [32] [36] [39] [44]
[45] [46] [42] [47] [60] [61] [62] [77] [79] [87] [110] [91] [93] [94] [95]
[96] [126] [127] [128] [129] [130] [131] [132] [133] [134] [135] [136] [137]
[138] [139] [140] [141] [142] [143] [144] [145] [146] [147] [148] [149]
[150] [151] [152] [153] [154] [155] [156] [157] [158] [159] [160] [161]
[162] [163] [164] [165] [166] [167] [168] [169] [171] [172] [173] [174]
[175] [177] [176] [180] [181] [182] [183] [184] [187] [191] [214] [246])
(/usr/share/texlive/texmf-dist/fonts/source/jknappen/ec/txromod.mf
 Ok [48] [49] [50] [51] [52] [53] [54] [55] [56] [57])
(/usr/share/texlive/texmf-dist/fonts/source/jknappen/ec/txrsuper.mf
 Ok [185] [178] [179] [170] [186])
(/usr/share/texlive/texmf-dist/fonts/source/jknappen/ec/txrfract.mf
 Ok [188] [189] [190]) ) ) )
(some charht values had to be adjusted by as much as 0.06952pt)
Font metrics written on tcrm1095.tfm.
Output written on tcrm1095.600gf (128 characters, 25592 bytes).
Transcript written on tcrm1095.log.
mktexpk: /sessions/fervent-sweet-carson/.texlive2021/texmf-var/fonts/pk/ljfour/jknappen/ec/tcrm1095.600pk: successfully generated.
 </sessions/fervent-sweet-
carson/.texlive2021/texmf-var/fonts/pk/ljfour/jknappen/ec/tcrm1095.600pk>
kpathsea: Running mktexpk --mfmode / --bdpi 600 --mag 1+0/600 --dpi 600 ecrm0700
mktexpk: Running mf-nowin -progname=mf \mode:=ljfour; mag:=1+0/600; nonstopmode; input ecrm0700
This is METAFONT, Version 2.71828182 (TeX Live 2022/dev/Debian) (preloaded base=mf)

(/usr/share/texlive/texmf-dist/fonts/source/jknappen/ec/ecrm0700.mf
(/usr/share/texlive/texmf-dist/fonts/source/jknappen/ec/exbase.mf)
(/usr/share/texlive/texmf-dist/fonts/source/jknappen/ec/ecrm.mf
(/usr/share/texlive/texmf-dist/fonts/source/jknappen/ec/exroman.mf
 Ok (/usr/share/texlive/texmf-dist/fonts/source/jknappen/ec/exaccess.mf
 Ok) (/usr/share/texlive/texmf-dist/fonts/source/jknappen/ec/expseudo.mf
 Ok) (/usr/share/texlive/texmf-dist/fonts/source/jknappen/ec/exruwest.mf
 Ok [192] [193] [194] [195] [196] [197] [198] [199] [200] [201] [202] [203]
[204] [205] [206] [207] [208] [209] [210] [211] [212] [213] [214] [215]
[216] [217] [218] [219] [220] [221] [222] [223])
(/usr/share/texlive/texmf-dist/fonts/source/jknappen/ec/exrlwest.mf
 Ok [224] [225] [226] [227] [228] [229] [230] [231] [232] [233] [234] [235]
[236] [237] [238] [239] [240] [241] [242] [243] [244] [245] [246] [247]
[248] [249] [250] [251] [252] [253] [254] [255])
(/usr/share/texlive/texmf-dist/fonts/source/jknappen/ec/exrueast.mf
 Ok [128] [129] [130] [131] [132] [133] [134] [135] [136] [137] [138] [139]
[140] [141] [142] [143] [144] [145] [146] [147] [148] [149] [150] [151]
[152] [153] [154] [155] [156] [157])
(/usr/share/texlive/texmf-dist/fonts/source/jknappen/ec/exrleast.mf
 Ok [158] [160] [161] [162] [163] [164] [165] [166] [167] [168] [169] [170]
[171] [172] [173] [174] [175] [176] [177] [178] [179] [180] [181] [182]
[183] [184] [185] [186] [187] [188])
(/usr/share/texlive/texmf-dist/fonts/source/jknappen/ec/exbraces.mf
 Ok [94] [126] [23] [40] [41] [60] [124] [62] [91] [93] [92] [123] [125]
[95] [127] [32])
(/usr/share/texlive/texmf-dist/fonts/source/jknappen/ec/expunct.mf
 Ok [14] [15] [19] [20] [13] [18] [33] [39] [42] [43] [44] [46] [47] [58]
[59] [61] [96] [189] [17] [45] [16] [21] [22])
(/usr/share/texlive/texmf-dist/fonts/source/jknappen/ec/exaccent.mf
 Ok [0] [1] [2] [3] [4] [5] [6] [7] [8] [9] [10] [11] [12])
(/usr/share/texlive/texmf-dist/fonts/source/jknappen/ec/exsign.mf
 Ok [24] [34] [35] [36] [37] [64] [191] [159])
(/usr/share/texlive/texmf-dist/fonts/source/jknappen/ec/exrlig.mf
 Ok [25] [26] [28] [27] [29] [30] [31])
(/usr/share/texlive/texmf-dist/fonts/source/jknappen/ec/exromp.mf
 Ok [38] [63] [190])
(/usr/share/texlive/texmf-dist/fonts/source/jknappen/ec/exrulett.mf
 Ok [65] [66] [67] [68] [69] [70] [71] [72] [73] [74] [75] [76] [77] [78]
[79] [80] [81] [82] [83] [84] [85] [86] [87] [88] [89] [90])
(/usr/share/texlive/texmf-dist/fonts/source/jknappen/ec/exrllett.mf
 Ok [97] [98] [99] [100] [101] [102] [103] [104] [105] [106] [107] [108]
[109] [110] [111] [112] [113] [114] [115] [116] [117] [118] [119] [120]
[121] [122])
(/usr/share/texlive/texmf-dist/fonts/source/jknappen/ec/exrdigit.mf
 Ok [48] [49] [50] [51] [52] [53] [54] [55] [56] [57])
(/usr/share/texlive/texmf-dist/fonts/source/jknappen/ec/exrligtb.mf
 Ok) ) ) )
Font metrics written on ecrm0700.tfm.
Output written on ecrm0700.600gf (256 characters, 37344 bytes).
Transcript written on ecrm0700.log.
mktexpk: /sessions/fervent-sweet-carson/.texlive2021/texmf-var/fonts/pk/ljfour/jknappen/ec/ecrm0700.600pk: successfully generated.
 </ses
sions/fervent-sweet-carson/.texlive2021/texmf-var/fonts/pk/ljfour/jknappen/ec/e
crm0700.600pk>
kpathsea: Running mktexpk --mfmode / --bdpi 600 --mag 1+0/600 --dpi 600 ecbx1440
mktexpk: Running mf-nowin -progname=mf \mode:=ljfour; mag:=1+0/600; nonstopmode; input ecbx1440
This is METAFONT, Version 2.71828182 (TeX Live 2022/dev/Debian) (preloaded base=mf)

(/usr/share/texlive/texmf-dist/fonts/source/jknappen/ec/ecbx1440.mf
(/usr/share/texlive/texmf-dist/fonts/source/jknappen/ec/exbase.mf)
(/usr/share/texlive/texmf-dist/fonts/source/jknappen/ec/ecbx.mf
(/usr/share/texlive/texmf-dist/fonts/source/jknappen/ec/exroman.mf
 Ok (/usr/share/texlive/texmf-dist/fonts/source/jknappen/ec/exaccess.mf
 Ok) (/usr/share/texlive/texmf-dist/fonts/source/jknappen/ec/expseudo.mf
 Ok) (/usr/share/texlive/texmf-dist/fonts/source/jknappen/ec/exruwest.mf
 Ok [192] [193] [194] [195] [196] [197] [198] [199] [200] [201] [202] [203]
[204] [205] [206] [207] [208] [209] [210] [211] [212] [213] [214] [215]
[216] [217] [218] [219] [220] [221] [222] [223])
(/usr/share/texlive/texmf-dist/fonts/source/jknappen/ec/exrlwest.mf
 Ok [224] [225] [226] [227] [228] [229] [230] [231] [232] [233] [234] [235]
[236] [237] [238] [239] [240] [241] [242] [243] [244] [245] [246] [247]
[248] [249] [250] [251] [252] [253] [254] [255])
(/usr/share/texlive/texmf-dist/fonts/source/jknappen/ec/exrueast.mf
 Ok [128] [129] [130] [131] [132] [133] [134] [135] [136] [137] [138] [139]
[140] [141] [142] [143] [144] [145] [146] [147] [148] [149] [150] [151]
[152] [153] [154] [155] [156] [157])
(/usr/share/texlive/texmf-dist/fonts/source/jknappen/ec/exrleast.mf
 Ok [158] [160] [161] [162] [163] [164] [165] [166] [167] [168] [169] [170]
[171] [172] [173] [174] [175] [176] [177] [178] [179] [180] [181] [182]
[183] [184] [185] [186] [187] [188])
(/usr/share/texlive/texmf-dist/fonts/source/jknappen/ec/exbraces.mf
 Ok [94] [126] [23] [40] [41] [60] [124] [62] [91] [93] [92] [123] [125]
[95] [127] [32])
(/usr/share/texlive/texmf-dist/fonts/source/jknappen/ec/expunct.mf
 Ok [14] [15] [19] [20] [13] [18] [33] [39] [42] [43] [44] [46] [47] [58]
[59] [61] [96] [189] [17] [45] [16] [21] [22])
(/usr/share/texlive/texmf-dist/fonts/source/jknappen/ec/exaccent.mf
 Ok [0] [1] [2] [3] [4] [5] [6] [7] [8] [9] [10] [11] [12])
(/usr/share/texlive/texmf-dist/fonts/source/jknappen/ec/exsign.mf
 Ok [24] [34] [35] [36] [37] [64] [191] [159])
(/usr/share/texlive/texmf-dist/fonts/source/jknappen/ec/exrlig.mf
 Ok [25] [26] [28] [27] [29] [30] [31])
(/usr/share/texlive/texmf-dist/fonts/source/jknappen/ec/exromp.mf
 Ok [38] [63] [190])
(/usr/share/texlive/texmf-dist/fonts/source/jknappen/ec/exrulett.mf
 Ok [65] [66] [67] [68] [69] [70] [71] [72] [73] [74] [75] [76] [77] [78]
[79] [80] [81] [82] [83] [84] [85] [86] [87] [88] [89] [90])
(/usr/share/texlive/texmf-dist/fonts/source/jknappen/ec/exrllett.mf
 Ok [97] [98] [99] [100] [101] [102] [103] [104] [105] [106] [107] [108]
[109] [110] [111] [112] [113] [114] [115] [116] [117] [118] [119] [120]
[121] [122])
(/usr/share/texlive/texmf-dist/fonts/source/jknappen/ec/exrdigit.mf
 Ok [48] [49] [50] [51] [52] [53] [54] [55] [56] [57])
(/usr/share/texlive/texmf-dist/fonts/source/jknappen/ec/exrligtb.mf
 Ok) ) ) )
(some charht values had to be adjusted by as much as 0.10997pt)
Font metrics written on ecbx1440.tfm.
Output written on ecbx1440.600gf (256 characters, 70764 bytes).
Transcript written on ecbx1440.log.
mktexpk: /sessions/fervent-sweet-carson/.texlive2021/texmf-var/fonts/pk/ljfour/jknappen/ec/ecbx1440.600pk: successfully generated.
 </sessions/fervent-sweet-carson/.texlive2021/texmf-var/fonts/pk/
ljfour/jknappen/ec/ecbx1440.600pk>
kpathsea: Running mktexpk --mfmode / --bdpi 600 --mag 1+0/600 --dpi 600 ecbx1095
mktexpk: Running mf-nowin -progname=mf \mode:=ljfour; mag:=1+0/600; nonstopmode; input ecbx1095
This is METAFONT, Version 2.71828182 (TeX Live 2022/dev/Debian) (preloaded base=mf)

(/usr/share/texlive/texmf-dist/fonts/source/jknappen/ec/ecbx1095.mf
(/usr/share/texlive/texmf-dist/fonts/source/jknappen/ec/exbase.mf)
(/usr/share/texlive/texmf-dist/fonts/source/jknappen/ec/ecbx.mf
(/usr/share/texlive/texmf-dist/fonts/source/jknappen/ec/exroman.mf
 Ok (/usr/share/texlive/texmf-dist/fonts/source/jknappen/ec/exaccess.mf
 Ok) (/usr/share/texlive/texmf-dist/fonts/source/jknappen/ec/expseudo.mf
 Ok) (/usr/share/texlive/texmf-dist/fonts/source/jknappen/ec/exruwest.mf
 Ok [192] [193] [194] [195] [196] [197] [198] [199] [200] [201] [202] [203]
[204] [205] [206] [207] [208] [209] [210] [211] [212] [213] [214] [215]
[216] [217] [218] [219] [220] [221] [222] [223])
(/usr/share/texlive/texmf-dist/fonts/source/jknappen/ec/exrlwest.mf
 Ok [224] [225] [226] [227] [228] [229] [230] [231] [232] [233] [234] [235]
[236] [237] [238] [239] [240] [241] [242] [243] [244] [245] [246] [247]
[248] [249] [250] [251] [252] [253] [254] [255])
(/usr/share/texlive/texmf-dist/fonts/source/jknappen/ec/exrueast.mf
 Ok [128] [129] [130] [131] [132] [133] [134] [135] [136] [137] [138] [139]
[140] [141] [142] [143] [144] [145] [146] [147] [148] [149] [150] [151]
[152] [153] [154] [155] [156] [157])
(/usr/share/texlive/texmf-dist/fonts/source/jknappen/ec/exrleast.mf
 Ok [158] [160] [161] [162] [163] [164] [165] [166] [167] [168] [169] [170]
[171] [172] [173] [174] [175] [176] [177] [178] [179] [180] [181] [182]
[183] [184] [185] [186] [187] [188])
(/usr/share/texlive/texmf-dist/fonts/source/jknappen/ec/exbraces.mf
 Ok [94] [126] [23] [40] [41] [60] [124] [62] [91] [93] [92] [123] [125]
[95] [127] [32])
(/usr/share/texlive/texmf-dist/fonts/source/jknappen/ec/expunct.mf
 Ok [14] [15] [19] [20] [13] [18] [33] [39] [42] [43] [44] [46] [47] [58]
[59] [61] [96] [189] [17] [45] [16] [21] [22])
(/usr/share/texlive/texmf-dist/fonts/source/jknappen/ec/exaccent.mf
 Ok [0] [1] [2] [3] [4] [5] [6] [7] [8] [9] [10] [11] [12])
(/usr/share/texlive/texmf-dist/fonts/source/jknappen/ec/exsign.mf
 Ok [24] [34] [35] [36] [37] [64] [191] [159])
(/usr/share/texlive/texmf-dist/fonts/source/jknappen/ec/exrlig.mf
 Ok [25] [26] [28] [27] [29] [30] [31])
(/usr/share/texlive/texmf-dist/fonts/source/jknappen/ec/exromp.mf
 Ok [38] [63] [190])
(/usr/share/texlive/texmf-dist/fonts/source/jknappen/ec/exrulett.mf
 Ok [65] [66] [67] [68] [69] [70] [71] [72] [73] [74] [75] [76] [77] [78]
[79] [80] [81] [82] [83] [84] [85] [86] [87] [88] [89] [90])
(/usr/share/texlive/texmf-dist/fonts/source/jknappen/ec/exrllett.mf
 Ok [97] [98] [99] [100] [101] [102] [103] [104] [105] [106] [107] [108]
[109] [110] [111] [112] [113] [114] [115] [116] [117] [118] [119] [120]
[121] [122])
(/usr/share/texlive/texmf-dist/fonts/source/jknappen/ec/exrdigit.mf
 Ok [48] [49] [50] [51] [52] [53] [54] [55] [56] [57])
(/usr/share/texlive/texmf-dist/fonts/source/jknappen/ec/exrligtb.mf
 Ok) ) ) )
Font metrics written on ecbx1095.tfm.
Output written on ecbx1095.600gf (256 characters, 54848 bytes).
Transcript written on ecbx1095.log.
mktexpk: /sessions/fervent-sweet-carson/.texlive2021/texmf-var/fonts/pk/ljfour/jknappen/ec/ecbx1095.600pk: successfully generated.
 </sessions/fervent-sweet-carson/.texlive2021
/texmf-var/fonts/pk/ljfour/jknappen/ec/ecbx1095.600pk>
kpathsea: Running mktexpk --mfmode / --bdpi 600 --mag 1+0/600 --dpi 600 ecrm1095
mktexpk: Running mf-nowin -progname=mf \mode:=ljfour; mag:=1+0/600; nonstopmode; input ecrm1095
This is METAFONT, Version 2.71828182 (TeX Live 2022/dev/Debian) (preloaded base=mf)

(/usr/share/texlive/texmf-dist/fonts/source/jknappen/ec/ecrm1095.mf
(/usr/share/texlive/texmf-dist/fonts/source/jknappen/ec/exbase.mf)
(/usr/share/texlive/texmf-dist/fonts/source/jknappen/ec/ecrm.mf
(/usr/share/texlive/texmf-dist/fonts/source/jknappen/ec/exroman.mf
 Ok (/usr/share/texlive/texmf-dist/fonts/source/jknappen/ec/exaccess.mf
 Ok) (/usr/share/texlive/texmf-dist/fonts/source/jknappen/ec/expseudo.mf
 Ok) (/usr/share/texlive/texmf-dist/fonts/source/jknappen/ec/exruwest.mf
 Ok [192] [193] [194] [195] [196] [197] [198] [199] [200] [201] [202] [203]
[204] [205] [206] [207] [208] [209] [210] [211] [212] [213] [214] [215]
[216] [217] [218] [219] [220] [221] [222] [223])
(/usr/share/texlive/texmf-dist/fonts/source/jknappen/ec/exrlwest.mf
 Ok [224] [225] [226] [227] [228] [229] [230] [231] [232] [233] [234] [235]
[236] [237] [238] [239] [240] [241] [242] [243] [244] [245] [246] [247]
[248] [249] [250] [251] [252] [253] [254] [255])
(/usr/share/texlive/texmf-dist/fonts/source/jknappen/ec/exrueast.mf
 Ok [128] [129] [130] [131] [132] [133] [134] [135] [136] [137] [138] [139]
[140] [141] [142] [143] [144] [145] [146] [147] [148] [149] [150] [151]
[152] [153] [154] [155] [156] [157])
(/usr/share/texlive/texmf-dist/fonts/source/jknappen/ec/exrleast.mf
 Ok [158] [160] [161] [162] [163] [164] [165] [166] [167] [168] [169] [170]
[171] [172] [173] [174] [175] [176] [177] [178] [179] [180] [181] [182]
[183] [184] [185] [186] [187] [188])
(/usr/share/texlive/texmf-dist/fonts/source/jknappen/ec/exbraces.mf
 Ok [94] [126] [23] [40] [41] [60] [124] [62] [91] [93] [92] [123] [125]
[95] [127] [32])
(/usr/share/texlive/texmf-dist/fonts/source/jknappen/ec/expunct.mf
 Ok [14] [15] [19] [20] [13] [18] [33] [39] [42] [43] [44] [46] [47] [58]
[59] [61] [96] [189] [17] [45] [16] [21] [22])
(/usr/share/texlive/texmf-dist/fonts/source/jknappen/ec/exaccent.mf
 Ok [0] [1] [2] [3] [4] [5] [6] [7] [8] [9] [10] [11] [12])
(/usr/share/texlive/texmf-dist/fonts/source/jknappen/ec/exsign.mf
 Ok [24] [34] [35] [36] [37] [64] [191] [159])
(/usr/share/texlive/texmf-dist/fonts/source/jknappen/ec/exrlig.mf
 Ok [25] [26] [28] [27] [29] [30] [31])
(/usr/share/texlive/texmf-dist/fonts/source/jknappen/ec/exromp.mf
 Ok [38] [63] [190])
(/usr/share/texlive/texmf-dist/fonts/source/jknappen/ec/exrulett.mf
 Ok [65] [66] [67] [68] [69] [70] [71] [72] [73] [74] [75] [76] [77] [78]
[79] [80] [81] [82] [83] [84] [85] [86] [87] [88] [89] [90])
(/usr/share/texlive/texmf-dist/fonts/source/jknappen/ec/exrllett.mf
 Ok [97] [98] [99] [100] [101] [102] [103] [104] [105] [106] [107] [108]
[109] [110] [111] [112] [113] [114] [115] [116] [117] [118] [119] [120]
[121] [122])
(/usr/share/texlive/texmf-dist/fonts/source/jknappen/ec/exrdigit.mf
 Ok [48] [49] [50] [51] [52] [53] [54] [55] [56] [57])
(/usr/share/texlive/texmf-dist/fonts/source/jknappen/ec/exrligtb.mf
 Ok) ) ) )
(some charht values had to be adjusted by as much as 0.07599pt)
Font metrics written on ecrm1095.tfm.
Output written on ecrm1095.600gf (256 characters, 55424 bytes).
Transcript written on ecrm1095.log.
mktexpk: /sessions/fervent-sweet-carson/.texlive2021/texmf-var/fonts/pk/ljfour/jknappen/ec/ecrm1095.600pk: successfully generated.
 </sessions/fervent-sweet
-carson/.texlive2021/texmf-var/fonts/pk/ljfour/jknappen/ec/ecrm1095.600pk>
kpathsea: Running mktexpk --mfmode / --bdpi 600 --mag 1+0/600 --dpi 600 ecsx1000
mktexpk: Running mf-nowin -progname=mf \mode:=ljfour; mag:=1+0/600; nonstopmode; input ecsx1000
This is METAFONT, Version 2.71828182 (TeX Live 2022/dev/Debian) (preloaded base=mf)

(/usr/share/texlive/texmf-dist/fonts/source/jknappen/ec/ecsx1000.mf
(/usr/share/texlive/texmf-dist/fonts/source/jknappen/ec/exbase.mf)
(/usr/share/texlive/texmf-dist/fonts/source/jknappen/ec/ecsx.mf
(/usr/share/texlive/texmf-dist/fonts/source/jknappen/ec/exroman.mf
 Ok (/usr/share/texlive/texmf-dist/fonts/source/jknappen/ec/exaccess.mf
 Ok) (/usr/share/texlive/texmf-dist/fonts/source/jknappen/ec/expseudo.mf
 Ok) (/usr/share/texlive/texmf-dist/fonts/source/jknappen/ec/exruwest.mf
 Ok [192] [193] [194] [195] [196] [197] [198] [199] [200] [201] [202] [203]
[204] [205] [206] [207] [208] [209] [210] [211] [212] [213] [214] [215]
[216] [217] [218] [219] [220] [221] [222] [223])
(/usr/share/texlive/texmf-dist/fonts/source/jknappen/ec/exrlwest.mf
 Ok [224] [225] [226] [227] [228] [229] [230] [231] [232] [233] [234] [235]
[236] [237] [238] [239] [240] [241] [242] [243] [244] [245] [246] [247]
[248] [249] [250] [251] [252] [253] [254] [255])
(/usr/share/texlive/texmf-dist/fonts/source/jknappen/ec/exrueast.mf
 Ok [128] [129] [130] [131] [132] [133] [134] [135] [136] [137] [138] [139]
[140] [141] [142] [143] [144] [145] [146] [147] [148] [149] [150] [151]
[152] [153] [154] [155] [156] [157])
(/usr/share/texlive/texmf-dist/fonts/source/jknappen/ec/exrleast.mf
 Ok [158] [160] [161] [162] [163] [164] [165] [166] [167] [168] [169] [170]
[171] [172] [173] [174] [175] [176] [177] [178] [179] [180] [181] [182]
[183] [184] [185] [186] [187] [188])
(/usr/share/texlive/texmf-dist/fonts/source/jknappen/ec/exbraces.mf
 Ok [94] [126] [23] [40] [41] [60] [124] [62] [91] [93] [92] [123] [125]
[95] [127] [32])
(/usr/share/texlive/texmf-dist/fonts/source/jknappen/ec/expunct.mf
 Ok [14] [15] [19] [20] [13] [18] [33] [39] [42] [43] [44] [46] [47] [58]
[59] [61] [96] [189] [17] [45] [16] [21] [22])
(/usr/share/texlive/texmf-dist/fonts/source/jknappen/ec/exaccent.mf
 Ok [0] [1] [2] [3] [4] [5] [6] [7] [8] [9] [10] [11] [12])
(/usr/share/texlive/texmf-dist/fonts/source/jknappen/ec/exsign.mf
 Ok [24] [34] [35] [36] [37] [64] [191] [159])
(/usr/share/texlive/texmf-dist/fonts/source/jknappen/ec/exrlig.mf
 Ok [25] [26] [28] [27] [29] [30] [31])
(/usr/share/texlive/texmf-dist/fonts/source/jknappen/ec/exromp.mf
 Ok [38] [63] [190])
(/usr/share/texlive/texmf-dist/fonts/source/jknappen/ec/exrulett.mf
 Ok [65] [66] [67] [68] [69] [70] [71] [72] [73] [74] [75] [76] [77] [78]
[79] [80] [81] [82] [83] [84] [85] [86] [87] [88] [89] [90])
(/usr/share/texlive/texmf-dist/fonts/source/jknappen/ec/exrllett.mf
 Ok [97] [98] [99] [100] [101] [102] [103] [104] [105] [106] [107] [108]
[109] [110] [111] [112] [113] [114] [115] [116] [117] [118] [119] [120]
[121] [122])
(/usr/share/texlive/texmf-dist/fonts/source/jknappen/ec/exrdigit.mf
 Ok [48] [49] [50] [51] [52] [53] [54] [55] [56] [57])
(/usr/share/texlive/texmf-dist/fonts/source/jknappen/ec/exrligtb.mf
 Ok) ) ) )
Font metrics written on ecsx1000.tfm.
Output written on ecsx1000.600gf (256 characters, 46104 bytes).
Transcript written on ecsx1000.log.
mktexpk: /sessions/fervent-sweet-carson/.texlive2021/texmf-var/fonts/pk/ljfour/jknappen/ec/ecsx1000.600pk: successfully generated.
 </se
ssions/fervent-sweet-carson/.texlive2021/texmf-var/fonts/pk/ljfour/jknappen/ec/
ecsx1000.600pk>
kpathsea: Running mktexpk --mfmode / --bdpi 600 --mag 1+0/600 --dpi 600 ectt1000
mktexpk: Running mf-nowin -progname=mf \mode:=ljfour; mag:=1+0/600; nonstopmode; input ectt1000
This is METAFONT, Version 2.71828182 (TeX Live 2022/dev/Debian) (preloaded base=mf)

(/usr/share/texlive/texmf-dist/fonts/source/jknappen/ec/ectt1000.mf
(/usr/share/texlive/texmf-dist/fonts/source/jknappen/ec/exbase.mf)
(/usr/share/texlive/texmf-dist/fonts/source/jknappen/ec/ectt.mf
(/usr/share/texlive/texmf-dist/fonts/source/jknappen/ec/exroman.mf
 Ok (/usr/share/texlive/texmf-dist/fonts/source/jknappen/ec/exaccess.mf
 Ok) (/usr/share/texlive/texmf-dist/fonts/source/jknappen/ec/expseudo.mf
 Ok) (/usr/share/texlive/texmf-dist/fonts/source/jknappen/ec/exruwest.mf
 Ok [192] [193] [194] [195] [196] [197] [198] [199] [200] [201] [202] [203]
[204] [205] [206] [207] [208] [209] [210] [211] [212] [213] [214] [215]
[216] [217] [218] [219] [220] [221] [222] [223])
(/usr/share/texlive/texmf-dist/fonts/source/jknappen/ec/exrlwest.mf
 Ok [224] [225] [226] [227] [228] [229] [230] [231] [232] [233] [234] [235]
[236] [237] [238] [239] [240] [241] [242] [243] [244] [245] [246] [247]
[248] [249] [250] [251] [252] [253] [254] [255])
(/usr/share/texlive/texmf-dist/fonts/source/jknappen/ec/exrueast.mf
 Ok [128] [129] [130] [131] [132] [133] [134] [135] [136] [137] [138] [139]
[140] [141] [142] [143] [144] [145] [146] [147] [148] [149] [150] [151]
[152] [153] [154] [155] [156] [157])
(/usr/share/texlive/texmf-dist/fonts/source/jknappen/ec/exrleast.mf
 Ok [158] [160] [161] [162] [163] [164] [165] [166] [167] [168] [169] [170]
[171] [172] [173] [174] [175] [176] [177] [178] [179] [180] [181] [182]
[183] [184] [185] [186] [187] [188])
(/usr/share/texlive/texmf-dist/fonts/source/jknappen/ec/exbraces.mf
 Ok [94] [126] [23] [40] [41] [60] [124] [62] [91] [93] [92] [123] [125]
[95] [127] [32])
(/usr/share/texlive/texmf-dist/fonts/source/jknappen/ec/expunct.mf
 Ok [14] [15] [19] [20] [13] [18] [33] [39] [42] [43] [44] [46] [47] [58]
[59] [61] [96] [189] [17] [45] [16] [21] [22])
(/usr/share/texlive/texmf-dist/fonts/source/jknappen/ec/exaccent.mf
 Ok [0] [1] [2] [3] [4] [5] [6] [7] [8] [9] [10] [11] [12])
(/usr/share/texlive/texmf-dist/fonts/source/jknappen/ec/exsign.mf
 Ok [24] [34] [35] [36] [37] [64] [191] [159])
(/usr/share/texlive/texmf-dist/fonts/source/jknappen/ec/exrlig.mf
 Ok [25] [26] [28] [27] [29] [30] [31])
(/usr/share/texlive/texmf-dist/fonts/source/jknappen/ec/exromp.mf
 Ok [38] [63] [190])
(/usr/share/texlive/texmf-dist/fonts/source/jknappen/ec/exrulett.mf
 Ok [65] [66] [67] [68] [69] [70] [71] [72] [73] [74] [75] [76] [77] [78]
[79] [80] [81] [82] [83] [84] [85] [86] [87] [88] [89] [90])
(/usr/share/texlive/texmf-dist/fonts/source/jknappen/ec/exrllett.mf
 Ok [97] [98] [99] [100] [101] [102] [103] [104] [105] [106] [107] [108]
[109] [110] [111] [112] [113] [114] [115] [116] [117] [118] [119] [120]
[121] [122])
(/usr/share/texlive/texmf-dist/fonts/source/jknappen/ec/exrdigit.mf
 Ok [48] [49] [50] [51] [52] [53] [54] [55] [56] [57])
(/usr/share/texlive/texmf-dist/fonts/source/jknappen/ec/exmligtb.mf
 Ok) ) ) )
Font metrics written on ectt1000.tfm.
Output written on ectt1000.600gf (256 characters, 43832 bytes).
Transcript written on ectt1000.log.
mktexpk: /sessions/fervent-sweet-carson/.texlive2021/texmf-var/fonts/pk/ljfour/jknappen/ec/ectt1000.600pk: successfully generated.
 </sessions/fervent-sweet-carson/.texlive2021/texmf-var/fonts/pk
/ljfour/jknappen/ec/ectt1000.600pk>
kpathsea: Running mktexpk --mfmode / --bdpi 600 --mag 1+0/600 --dpi 600 ecbx1000
mktexpk: Running mf-nowin -progname=mf \mode:=ljfour; mag:=1+0/600; nonstopmode; input ecbx1000
This is METAFONT, Version 2.71828182 (TeX Live 2022/dev/Debian) (preloaded base=mf)

(/usr/share/texlive/texmf-dist/fonts/source/jknappen/ec/ecbx1000.mf
(/usr/share/texlive/texmf-dist/fonts/source/jknappen/ec/exbase.mf)
(/usr/share/texlive/texmf-dist/fonts/source/jknappen/ec/ecbx.mf
(/usr/share/texlive/texmf-dist/fonts/source/jknappen/ec/exroman.mf
 Ok (/usr/share/texlive/texmf-dist/fonts/source/jknappen/ec/exaccess.mf
 Ok) (/usr/share/texlive/texmf-dist/fonts/source/jknappen/ec/expseudo.mf
 Ok) (/usr/share/texlive/texmf-dist/fonts/source/jknappen/ec/exruwest.mf
 Ok [192] [193] [194] [195] [196] [197] [198] [199] [200] [201] [202] [203]
[204] [205] [206] [207] [208] [209] [210] [211] [212] [213] [214] [215]
[216] [217] [218] [219] [220] [221] [222] [223])
(/usr/share/texlive/texmf-dist/fonts/source/jknappen/ec/exrlwest.mf
 Ok [224] [225] [226] [227] [228] [229] [230] [231] [232] [233] [234] [235]
[236] [237] [238] [239] [240] [241] [242] [243] [244] [245] [246] [247]
[248] [249] [250] [251] [252] [253] [254] [255])
(/usr/share/texlive/texmf-dist/fonts/source/jknappen/ec/exrueast.mf
 Ok [128] [129] [130] [131] [132] [133] [134] [135] [136] [137] [138] [139]
[140] [141] [142] [143] [144] [145] [146] [147] [148] [149] [150] [151]
[152] [153] [154] [155] [156] [157])
(/usr/share/texlive/texmf-dist/fonts/source/jknappen/ec/exrleast.mf
 Ok [158] [160] [161] [162] [163] [164] [165] [166] [167] [168] [169] [170]
[171] [172] [173] [174] [175] [176] [177] [178] [179] [180] [181] [182]
[183] [184] [185] [186] [187] [188])
(/usr/share/texlive/texmf-dist/fonts/source/jknappen/ec/exbraces.mf
 Ok [94] [126] [23] [40] [41] [60] [124] [62] [91] [93] [92] [123] [125]
[95] [127] [32])
(/usr/share/texlive/texmf-dist/fonts/source/jknappen/ec/expunct.mf
 Ok [14] [15] [19] [20] [13] [18] [33] [39] [42] [43] [44] [46] [47] [58]
[59] [61] [96] [189] [17] [45] [16] [21] [22])
(/usr/share/texlive/texmf-dist/fonts/source/jknappen/ec/exaccent.mf
 Ok [0] [1] [2] [3] [4] [5] [6] [7] [8] [9] [10] [11] [12])
(/usr/share/texlive/texmf-dist/fonts/source/jknappen/ec/exsign.mf
 Ok [24] [34] [35] [36] [37] [64] [191] [159])
(/usr/share/texlive/texmf-dist/fonts/source/jknappen/ec/exrlig.mf
 Ok [25] [26] [28] [27] [29] [30] [31])
(/usr/share/texlive/texmf-dist/fonts/source/jknappen/ec/exromp.mf
 Ok [38] [63] [190])
(/usr/share/texlive/texmf-dist/fonts/source/jknappen/ec/exrulett.mf
 Ok [65] [66] [67] [68] [69] [70] [71] [72] [73] [74] [75] [76] [77] [78]
[79] [80] [81] [82] [83] [84] [85] [86] [87] [88] [89] [90])
(/usr/share/texlive/texmf-dist/fonts/source/jknappen/ec/exrllett.mf
 Ok [97] [98] [99] [100] [101] [102] [103] [104] [105] [106] [107] [108]
[109] [110] [111] [112] [113] [114] [115] [116] [117] [118] [119] [120]
[121] [122])
(/usr/share/texlive/texmf-dist/fonts/source/jknappen/ec/exrdigit.mf
 Ok [48] [49] [50] [51] [52] [53] [54] [55] [56] [57])
(/usr/share/texlive/texmf-dist/fonts/source/jknappen/ec/exrligtb.mf
 Ok) ) ) )
Font metrics written on ecbx1000.tfm.
Output written on ecbx1000.600gf (256 characters, 49864 bytes).
Transcript written on ecbx1000.log.
mktexpk: /sessions/fervent-sweet-carson/.texlive2021/texmf-var/fonts/pk/ljfour/jknappen/ec/ecbx1000.600pk: successfully generated.
 </sessions/fervent-sweet-carson/.texlive202
1/texmf-var/fonts/pk/ljfour/jknappen/ec/ecbx1000.600pk>
kpathsea: Running mktexpk --mfmode / --bdpi 600 --mag 1+0/600 --dpi 600 ecrm1000
mktexpk: Running mf-nowin -progname=mf \mode:=ljfour; mag:=1+0/600; nonstopmode; input ecrm1000
This is METAFONT, Version 2.71828182 (TeX Live 2022/dev/Debian) (preloaded base=mf)

(/usr/share/texlive/texmf-dist/fonts/source/jknappen/ec/ecrm1000.mf
(/usr/share/texlive/texmf-dist/fonts/source/jknappen/ec/exbase.mf)
(/usr/share/texlive/texmf-dist/fonts/source/jknappen/ec/ecrm.mf
(/usr/share/texlive/texmf-dist/fonts/source/jknappen/ec/exroman.mf
 Ok (/usr/share/texlive/texmf-dist/fonts/source/jknappen/ec/exaccess.mf
 Ok) (/usr/share/texlive/texmf-dist/fonts/source/jknappen/ec/expseudo.mf
 Ok) (/usr/share/texlive/texmf-dist/fonts/source/jknappen/ec/exruwest.mf
 Ok [192] [193] [194] [195] [196] [197] [198] [199] [200] [201] [202] [203]
[204] [205] [206] [207] [208] [209] [210] [211] [212] [213] [214] [215]
[216] [217] [218] [219] [220] [221] [222] [223])
(/usr/share/texlive/texmf-dist/fonts/source/jknappen/ec/exrlwest.mf
 Ok [224] [225] [226] [227] [228] [229] [230] [231] [232] [233] [234] [235]
[236] [237] [238] [239] [240] [241] [242] [243] [244] [245] [246] [247]
[248] [249] [250] [251] [252] [253] [254] [255])
(/usr/share/texlive/texmf-dist/fonts/source/jknappen/ec/exrueast.mf
 Ok [128] [129] [130] [131] [132] [133] [134] [135] [136] [137] [138] [139]
[140] [141] [142] [143] [144] [145] [146] [147] [148] [149] [150] [151]
[152] [153] [154] [155] [156] [157])
(/usr/share/texlive/texmf-dist/fonts/source/jknappen/ec/exrleast.mf
 Ok [158] [160] [161] [162] [163] [164] [165] [166] [167] [168] [169] [170]
[171] [172] [173] [174] [175] [176] [177] [178] [179] [180] [181] [182]
[183] [184] [185] [186] [187] [188])
(/usr/share/texlive/texmf-dist/fonts/source/jknappen/ec/exbraces.mf
 Ok [94] [126] [23] [40] [41] [60] [124] [62] [91] [93] [92] [123] [125]
[95] [127] [32])
(/usr/share/texlive/texmf-dist/fonts/source/jknappen/ec/expunct.mf
 Ok [14] [15] [19] [20] [13] [18] [33] [39] [42] [43] [44] [46] [47] [58]
[59] [61] [96] [189] [17] [45] [16] [21] [22])
(/usr/share/texlive/texmf-dist/fonts/source/jknappen/ec/exaccent.mf
 Ok [0] [1] [2] [3] [4] [5] [6] [7] [8] [9] [10] [11] [12])
(/usr/share/texlive/texmf-dist/fonts/source/jknappen/ec/exsign.mf
 Ok [24] [34] [35] [36] [37] [64] [191] [159])
(/usr/share/texlive/texmf-dist/fonts/source/jknappen/ec/exrlig.mf
 Ok [25] [26] [28] [27] [29] [30] [31])
(/usr/share/texlive/texmf-dist/fonts/source/jknappen/ec/exromp.mf
 Ok [38] [63] [190])
(/usr/share/texlive/texmf-dist/fonts/source/jknappen/ec/exrulett.mf
 Ok [65] [66] [67] [68] [69] [70] [71] [72] [73] [74] [75] [76] [77] [78]
[79] [80] [81] [82] [83] [84] [85] [86] [87] [88] [89] [90])
(/usr/share/texlive/texmf-dist/fonts/source/jknappen/ec/exrllett.mf
 Ok [97] [98] [99] [100] [101] [102] [103] [104] [105] [106] [107] [108]
[109] [110] [111] [112] [113] [114] [115] [116] [117] [118] [119] [120]
[121] [122])
(/usr/share/texlive/texmf-dist/fonts/source/jknappen/ec/exrdigit.mf
 Ok [48] [49] [50] [51] [52] [53] [54] [55] [56] [57])
(/usr/share/texlive/texmf-dist/fonts/source/jknappen/ec/exrligtb.mf
 Ok) ) ) )
(some charht values had to be adjusted by as much as 0.06586pt)
Font metrics written on ecrm1000.tfm.
Output written on ecrm1000.600gf (256 characters, 51184 bytes).
Transcript written on ecrm1000.log.
mktexpk: /sessions/fervent-sweet-carson/.texlive2021/texmf-var/fonts/pk/ljfour/jknappen/ec/ecrm1000.600pk: successfully generated.
 </sessions/fervent-swee
t-carson/.texlive2021/texmf-var/fonts/pk/ljfour/jknappen/ec/ecrm1000.600pk>
kpathsea: Running mktexpk --mfmode / --bdpi 600 --mag 1+0/600 --dpi 600 ecrm1200
mktexpk: Running mf-nowin -progname=mf \mode:=ljfour; mag:=1+0/600; nonstopmode; input ecrm1200
This is METAFONT, Version 2.71828182 (TeX Live 2022/dev/Debian) (preloaded base=mf)

(/usr/share/texlive/texmf-dist/fonts/source/jknappen/ec/ecrm1200.mf
(/usr/share/texlive/texmf-dist/fonts/source/jknappen/ec/exbase.mf)
(/usr/share/texlive/texmf-dist/fonts/source/jknappen/ec/ecrm.mf
(/usr/share/texlive/texmf-dist/fonts/source/jknappen/ec/exroman.mf
 Ok (/usr/share/texlive/texmf-dist/fonts/source/jknappen/ec/exaccess.mf
 Ok) (/usr/share/texlive/texmf-dist/fonts/source/jknappen/ec/expseudo.mf
 Ok) (/usr/share/texlive/texmf-dist/fonts/source/jknappen/ec/exruwest.mf
 Ok [192] [193] [194] [195] [196] [197] [198] [199] [200] [201] [202] [203]
[204] [205] [206] [207] [208] [209] [210] [211] [212] [213] [214] [215]
[216] [217] [218] [219] [220] [221] [222] [223])
(/usr/share/texlive/texmf-dist/fonts/source/jknappen/ec/exrlwest.mf
 Ok [224] [225] [226] [227] [228] [229] [230] [231] [232] [233] [234] [235]
[236] [237] [238] [239] [240] [241] [242] [243] [244] [245] [246] [247]
[248] [249] [250] [251] [252] [253] [254] [255])
(/usr/share/texlive/texmf-dist/fonts/source/jknappen/ec/exrueast.mf
 Ok [128] [129] [130] [131] [132] [133] [134] [135] [136] [137] [138] [139]
[140] [141] [142] [143] [144] [145] [146] [147] [148] [149] [150] [151]
[152] [153] [154] [155] [156] [157])
(/usr/share/texlive/texmf-dist/fonts/source/jknappen/ec/exrleast.mf
 Ok [158] [160] [161] [162] [163] [164] [165] [166] [167] [168] [169] [170]
[171] [172] [173] [174] [175] [176] [177] [178] [179] [180] [181] [182]
[183] [184] [185] [186] [187] [188])
(/usr/share/texlive/texmf-dist/fonts/source/jknappen/ec/exbraces.mf
 Ok [94] [126] [23] [40] [41] [60] [124] [62] [91] [93] [92] [123] [125]
[95] [127] [32])
(/usr/share/texlive/texmf-dist/fonts/source/jknappen/ec/expunct.mf
 Ok [14] [15] [19] [20] [13] [18] [33] [39] [42] [43] [44] [46] [47] [58]
[59] [61] [96] [189] [17] [45] [16] [21] [22])
(/usr/share/texlive/texmf-dist/fonts/source/jknappen/ec/exaccent.mf
 Ok [0] [1] [2] [3] [4] [5] [6] [7] [8] [9] [10] [11] [12])
(/usr/share/texlive/texmf-dist/fonts/source/jknappen/ec/exsign.mf
 Ok [24] [34] [35] [36] [37] [64] [191] [159])
(/usr/share/texlive/texmf-dist/fonts/source/jknappen/ec/exrlig.mf
 Ok [25] [26] [28] [27] [29] [30] [31])
(/usr/share/texlive/texmf-dist/fonts/source/jknappen/ec/exromp.mf
 Ok [38] [63] [190])
(/usr/share/texlive/texmf-dist/fonts/source/jknappen/ec/exrulett.mf
 Ok [65] [66] [67] [68] [69] [70] [71] [72] [73] [74] [75] [76] [77] [78]
[79] [80] [81] [82] [83] [84] [85] [86] [87] [88] [89] [90])
(/usr/share/texlive/texmf-dist/fonts/source/jknappen/ec/exrllett.mf
 Ok [97] [98] [99] [100] [101] [102] [103] [104] [105] [106] [107] [108]
[109] [110] [111] [112] [113] [114] [115] [116] [117] [118] [119] [120]
[121] [122])
(/usr/share/texlive/texmf-dist/fonts/source/jknappen/ec/exrdigit.mf
 Ok [48] [49] [50] [51] [52] [53] [54] [55] [56] [57])
(/usr/share/texlive/texmf-dist/fonts/source/jknappen/ec/exrligtb.mf
 Ok) ) ) )
(some charht values had to be adjusted by as much as 0.07143pt)
Font metrics written on ecrm1200.tfm.
Output written on ecrm1200.600gf (256 characters, 60320 bytes).
Transcript written on ecrm1200.log.
mktexpk: /sessions/fervent-sweet-carson/.texlive2021/texmf-var/fonts/pk/ljfour/jknappen/ec/ecrm1200.600pk: successfully generated.
 </s
essions/fervent-sweet-carson/.texlive2021/texmf-var/fonts/pk/ljfour/jknappen/ec
/ecrm1200.600pk>
kpathsea: Running mktexpk --mfmode / --bdpi 600 --mag 1+0/600 --dpi 600 ecbx1200
mktexpk: Running mf-nowin -progname=mf \mode:=ljfour; mag:=1+0/600; nonstopmode; input ecbx1200
This is METAFONT, Version 2.71828182 (TeX Live 2022/dev/Debian) (preloaded base=mf)

(/usr/share/texlive/texmf-dist/fonts/source/jknappen/ec/ecbx1200.mf
(/usr/share/texlive/texmf-dist/fonts/source/jknappen/ec/exbase.mf)
(/usr/share/texlive/texmf-dist/fonts/source/jknappen/ec/ecbx.mf
(/usr/share/texlive/texmf-dist/fonts/source/jknappen/ec/exroman.mf
 Ok (/usr/share/texlive/texmf-dist/fonts/source/jknappen/ec/exaccess.mf
 Ok) (/usr/share/texlive/texmf-dist/fonts/source/jknappen/ec/expseudo.mf
 Ok) (/usr/share/texlive/texmf-dist/fonts/source/jknappen/ec/exruwest.mf
 Ok [192] [193] [194] [195] [196] [197] [198] [199] [200] [201] [202] [203]
[204] [205] [206] [207] [208] [209] [210] [211] [212] [213] [214] [215]
[216] [217] [218] [219] [220] [221] [222] [223])
(/usr/share/texlive/texmf-dist/fonts/source/jknappen/ec/exrlwest.mf
 Ok [224] [225] [226] [227] [228] [229] [230] [231] [232] [233] [234] [235]
[236] [237] [238] [239] [240] [241] [242] [243] [244] [245] [246] [247]
[248] [249] [250] [251] [252] [253] [254] [255])
(/usr/share/texlive/texmf-dist/fonts/source/jknappen/ec/exrueast.mf
 Ok [128] [129] [130] [131] [132] [133] [134] [135] [136] [137] [138] [139]
[140] [141] [142] [143] [144] [145] [146] [147] [148] [149] [150] [151]
[152] [153] [154] [155] [156] [157])
(/usr/share/texlive/texmf-dist/fonts/source/jknappen/ec/exrleast.mf
 Ok [158] [160] [161] [162] [163] [164] [165] [166] [167] [168] [169] [170]
[171] [172] [173] [174] [175] [176] [177] [178] [179] [180] [181] [182]
[183] [184] [185] [186] [187] [188])
(/usr/share/texlive/texmf-dist/fonts/source/jknappen/ec/exbraces.mf
 Ok [94] [126] [23] [40] [41] [60] [124] [62] [91] [93] [92] [123] [125]
[95] [127] [32])
(/usr/share/texlive/texmf-dist/fonts/source/jknappen/ec/expunct.mf
 Ok [14] [15] [19] [20] [13] [18] [33] [39] [42] [43] [44] [46] [47] [58]
[59] [61] [96] [189] [17] [45] [16] [21] [22])
(/usr/share/texlive/texmf-dist/fonts/source/jknappen/ec/exaccent.mf
 Ok [0] [1] [2] [3] [4] [5] [6] [7] [8] [9] [10] [11] [12])
(/usr/share/texlive/texmf-dist/fonts/source/jknappen/ec/exsign.mf
 Ok [24] [34] [35] [36] [37] [64] [191] [159])
(/usr/share/texlive/texmf-dist/fonts/source/jknappen/ec/exrlig.mf
 Ok [25] [26] [28] [27] [29] [30] [31])
(/usr/share/texlive/texmf-dist/fonts/source/jknappen/ec/exromp.mf
 Ok [38] [63] [190])
(/usr/share/texlive/texmf-dist/fonts/source/jknappen/ec/exrulett.mf
 Ok [65] [66] [67] [68] [69] [70] [71] [72] [73] [74] [75] [76] [77] [78]
[79] [80] [81] [82] [83] [84] [85] [86] [87] [88] [89] [90])
(/usr/share/texlive/texmf-dist/fonts/source/jknappen/ec/exrllett.mf
 Ok [97] [98] [99] [100] [101] [102] [103] [104] [105] [106] [107] [108]
[109] [110] [111] [112] [113] [114] [115] [116] [117] [118] [119] [120]
[121] [122])
(/usr/share/texlive/texmf-dist/fonts/source/jknappen/ec/exrdigit.mf
 Ok [48] [49] [50] [51] [52] [53] [54] [55] [56] [57])
(/usr/share/texlive/texmf-dist/fonts/source/jknappen/ec/exrligtb.mf
 Ok) ) ) )
Font metrics written on ecbx1200.tfm.
Output written on ecbx1200.600gf (256 characters, 59220 bytes).
Transcript written on ecbx1200.log.
mktexpk: /sessions/fervent-sweet-carson/.texlive2021/texmf-var/fonts/pk/ljfour/jknappen/ec/ecbx1200.600pk: successfully generated.
 </sessions/fervent-sweet-carson/.texlive2021/texmf-var/fonts/p
k/ljfour/jknappen/ec/ecbx1200.600pk>
kpathsea: Running mktexpk --mfmode / --bdpi 600 --mag 1+0/600 --dpi 600 ecbx1728
mktexpk: Running mf-nowin -progname=mf \mode:=ljfour; mag:=1+0/600; nonstopmode; input ecbx1728
This is METAFONT, Version 2.71828182 (TeX Live 2022/dev/Debian) (preloaded base=mf)

(/usr/share/texlive/texmf-dist/fonts/source/jknappen/ec/ecbx1728.mf
(/usr/share/texlive/texmf-dist/fonts/source/jknappen/ec/exbase.mf)
(/usr/share/texlive/texmf-dist/fonts/source/jknappen/ec/ecbx.mf
(/usr/share/texlive/texmf-dist/fonts/source/jknappen/ec/exroman.mf
 Ok (/usr/share/texlive/texmf-dist/fonts/source/jknappen/ec/exaccess.mf
 Ok) (/usr/share/texlive/texmf-dist/fonts/source/jknappen/ec/expseudo.mf
 Ok) (/usr/share/texlive/texmf-dist/fonts/source/jknappen/ec/exruwest.mf
 Ok [192] [193] [194] [195] [196] [197] [198] [199] [200] [201] [202] [203]
[204] [205] [206] [207] [208] [209] [210] [211] [212] [213] [214] [215]
[216] [217] [218] [219] [220] [221] [222] [223])
(/usr/share/texlive/texmf-dist/fonts/source/jknappen/ec/exrlwest.mf
 Ok [224] [225] [226] [227] [228] [229] [230] [231] [232] [233] [234] [235]
[236] [237] [238] [239] [240] [241] [242] [243] [244] [245] [246] [247]
[248] [249] [250] [251] [252] [253] [254] [255])
(/usr/share/texlive/texmf-dist/fonts/source/jknappen/ec/exrueast.mf
 Ok [128] [129] [130] [131] [132] [133] [134] [135] [136] [137] [138] [139]
[140] [141] [142] [143] [144] [145] [146] [147] [148] [149] [150] [151]
[152] [153] [154] [155] [156] [157])
(/usr/share/texlive/texmf-dist/fonts/source/jknappen/ec/exrleast.mf
 Ok [158] [160] [161] [162] [163] [164] [165] [166] [167] [168] [169] [170]
[171] [172] [173] [174] [175] [176] [177] [178] [179] [180] [181] [182]
[183] [184] [185] [186] [187] [188])
(/usr/share/texlive/texmf-dist/fonts/source/jknappen/ec/exbraces.mf
 Ok [94] [126] [23] [40] [41] [60] [124] [62] [91] [93] [92] [123] [125]
[95] [127] [32])
(/usr/share/texlive/texmf-dist/fonts/source/jknappen/ec/expunct.mf
 Ok [14] [15] [19] [20] [13] [18] [33] [39] [42] [43] [44] [46] [47] [58]
[59] [61] [96] [189] [17] [45] [16] [21] [22])
(/usr/share/texlive/texmf-dist/fonts/source/jknappen/ec/exaccent.mf
 Ok [0] [1] [2] [3] [4] [5] [6] [7] [8] [9] [10] [11] [12])
(/usr/share/texlive/texmf-dist/fonts/source/jknappen/ec/exsign.mf
 Ok [24] [34] [35] [36] [37] [64] [191] [159])
(/usr/share/texlive/texmf-dist/fonts/source/jknappen/ec/exrlig.mf
 Ok [25] [26] [28] [27] [29] [30] [31])
(/usr/share/texlive/texmf-dist/fonts/source/jknappen/ec/exromp.mf
 Ok [38] [63] [190])
(/usr/share/texlive/texmf-dist/fonts/source/jknappen/ec/exrulett.mf
 Ok [65] [66] [67] [68] [69] [70] [71] [72] [73] [74] [75] [76] [77] [78]
[79] [80] [81] [82] [83] [84] [85] [86] [87] [88] [89] [90])
(/usr/share/texlive/texmf-dist/fonts/source/jknappen/ec/exrllett.mf
 Ok [97] [98] [99] [100] [101] [102] [103] [104] [105] [106] [107] [108]
[109] [110] [111] [112] [113] [114] [115] [116] [117] [118] [119] [120]
[121] [122])
(/usr/share/texlive/texmf-dist/fonts/source/jknappen/ec/exrdigit.mf
 Ok [48] [49] [50] [51] [52] [53] [54] [55] [56] [57])
(/usr/share/texlive/texmf-dist/fonts/source/jknappen/ec/exrligtb.mf
 Ok) ) ) )
(some charht values had to be adjusted by as much as 0.13197pt)
Font metrics written on ecbx1728.tfm.
Output written on ecbx1728.600gf (256 characters, 84848 bytes).
Transcript written on ecbx1728.log.
mktexpk: /sessions/fervent-sweet-carson/.texlive2021/texmf-var/fonts/pk/ljfour/jknappen/ec/ecbx1728.600pk: successfully generated.
 </sessions/fervent-sweet-carson/.texlive20
21/texmf-var/fonts/pk/ljfour/jknappen/ec/ecbx1728.600pk></usr/share/texlive/tex
mf-dist/fonts/type1/public/amsfonts/cm/cmbx10.pfb></usr/share/texlive/texmf-dis
t/fonts/type1/public/amsfonts/cm/cmex10.pfb></usr/share/texlive/texmf-dist/font
s/type1/public/amsfonts/cm/cmmi10.pfb></usr/share/texlive/texmf-dist/fonts/type
1/public/amsfonts/cm/cmmi7.pfb></usr/share/texlive/texmf-dist/fonts/type1/publi
c/amsfonts/cm/cmmi8.pfb></usr/share/texlive/texmf-dist/fonts/type1/public/amsfo
nts/cm/cmr10.pfb></usr/share/texlive/texmf-dist/fonts/type1/public/amsfonts/cm/
cmr7.pfb></usr/share/texlive/texmf-dist/fonts/type1/public/amsfonts/cm/cmr8.pfb
></usr/share/texlive/texmf-dist/fonts/type1/public/amsfonts/cm/cmsy10.pfb></usr
/share/texlive/texmf-dist/fonts/type1/public/amsfonts/cm/cmsy7.pfb></usr/share/
texlive/texmf-dist/fonts/type1/public/amsfonts/cm/cmsy8.pfb></usr/share/texlive
/texmf-dist/fonts/type1/public/amsfonts/symbols/msbm10.pfb>
Output written on method.pdf (7 pages, 281402 bytes).
Transcript written on method.log.
